Arguments: 
  /Users/apple/opt/anaconda3/envs/autogenstudio/bin/node /usr/local/bin/yarn add express

PATH: 
  /Users/apple/.bun/bin:/Users/apple/.bun/bin:/Users/apple/.bun/bin:/Users/apple/.bun/bin:/Users/apple/.bun/bin:/Users/apple/opt/anaconda3/envs/autogenstudio/bin:/Users/apple/.local/bin:/Users/apple/opt/anaconda3/bin:/Users/apple/opt/anaconda3/condabin:/usr/local/bin:/usr/bin:/bin:/usr/sbin:/sbin:/Users/apple/.cargo/bin

Yarn version: 
  1.22.19

Node version: 
  18.18.2

Platform: 
  darwin x64

Trace: 
  Error: getaddrinfo ENOTFOUND registry.yarnpkg.com
      at GetAddrInfoReqWrap.onlookup [as oncomplete] (node:dns:108:26)

npm manifest: 
  {
    "name": "chatenai",
    "version": "0.1.0",
    "private": true,
    "scripts": {
      "dev": "node server.js",  
      "build": "next build",  
      "start": "next start",
      "lint": "next lint"
    },
    "dependencies": {
      "react": "^18",
      "react-dom": "^18",
      "next": "14.2.3",
      "bootstrap": "^5.3.2",
      "clipboard": "^2.0.11",
      "prismjs": "^1.29.0",
      "react-select": "^5.8.0",
      "react-slick": "^0.29.0",
      "react-tooltip": "^5.25.2",
      "sal.js": "^0.5.0",
      "sass": "^1.69.7",
      "slick-carousel": "^1.8.1",
      "venobox": "^2.1.4"
    }
  }

yarn manifest: 
  No manifest

Lockfile: 
  No lockfile
